This mapping 'snapshot_20160518' was designed for MC 1.9.4! Use at your own peril.This mapping 'snapshot_20160518' was designed for MC 1.9.4! Use at your own peril.

:deobfCompileDummyTask
:deobfProvidedDummyTask
:getVersionJson
:extractUserdev UP-TO-DATE
:extractDependencyATs SKIPPED
:extractMcpData SKIPPED
:extractMcpMappings SKIPPED
:genSrgs SKIPPED
:downloadClient SKIPPED
:downloadServer SKIPPED
:splitServerJar SKIPPED
:mergeJars SKIPPED
:deobfMcSRG SKIPPED
:decompileMc SKIPPED
:fixMcSources SKIPPED
:applySourcePatches SKIPPED
:remapMcSources SKIPPED
:recompileMc SKIPPED
:extractNatives SKIPPED
:getAssetIndex UP-TO-DATE
:getAssets
Current status: 954/1112   85%
:makeStart
:setupDecompWorkspace
:eclipseClasspath
:eclipseJdt
:eclipseProject
:makeEclipseCleanRunClient UP-TO-DATE
:makeEclipseCleanRunServer UP-TO-DATE
:eclipse

BUILD SUCCESSFUL

Total time: 24.205 secs
